[tomcat_8-UCSTNIYECUNIP744ID43ADD5Y5O4GBL2NWS4BAXH7OHJYWA2BMPQ] Running shell script
+ docker build -t registry.demo.cloudcontrolled.net/demo/tomcat:8-build5 .
Sending build context to Docker daemon 93.18 kB
Step 1/18 : FROM registry.demo.cloudcontrolled.net/demo/java:openjdk-7-jdk
 ---> f897ae5e22b8
Step 2/18 : RUN yum -y update &&  yum -y install wget &&  yum -y install tar
 ---> Using cache
 ---> c79a6eae0216
Step 3/18 : ENV JAVA_HOME /
 ---> Using cache
 ---> 12765bc965de
Step 4/18 : ENV CATALINA_HOME /opt/tomcat
 ---> Using cache
 ---> 46f45324fdc8
Step 5/18 : ENV PATH $PATH:$JAVA_HOME/bin:$CATALINA_HOME/bin:$CATALINA_HOME/scripts
 ---> Using cache
 ---> 4ecb28f1b8ea
Step 6/18 : ENV TOMCAT_MAJOR 8
 ---> Using cache
 ---> 0a9568524211
Step 7/18 : ENV TOMCAT_VERSION 8.5.15
 ---> Using cache
 ---> 45bbd7874443
Step 8/18 : RUN wget http://apache.crihan.fr/dist/tomcat/tomcat-${TOMCAT_MAJOR}/v${TOMCAT_VERSION}/bin/apache-tomcat-${TOMCAT_VERSION}.tar.gz &&  tar -xvf apache-tomcat-${TOMCAT_VERSION}.tar.gz &&  rm apache-tomcat*.tar.gz &&  mv apache-tomcat* ${CATALINA_HOME}
 ---> Using cache
 ---> 18e36e52731d
Step 9/18 : RUN chmod +x ${CATALINA_HOME}/bin/*sh
 ---> Using cache
 ---> a95e6973307d
Step 10/18 : ADD create_admin_user.sh $CATALINA_HOME/scripts/create_admin_user.sh
 ---> Using cache
 ---> 374c963d047e
Step 11/18 : ADD tomcat.sh $CATALINA_HOME/scripts/tomcat.sh
 ---> Using cache
 ---> 67aee71b5160
Step 12/18 : RUN chmod +x $CATALINA_HOME/scripts/*.sh
 ---> Using cache
 ---> 53b14752cc97
Step 13/18 : RUN groupadd -r tomcat &&  useradd -g tomcat -d ${CATALINA_HOME} -s /sbin/nologin  -c "Tomcat user" tomcat &&  chown -R tomcat:tomcat ${CATALINA_HOME}
 ---> Using cache
 ---> 60235c46e0e9
Step 14/18 : WORKDIR /opt/tomcat
 ---> Using cache
 ---> 776c9875079b
Step 15/18 : EXPOSE 8080
 ---> Using cache
 ---> deb7e74abd1f
Step 16/18 : EXPOSE 8009
 ---> Using cache
 ---> d525c1c31ad3
Step 17/18 : USER tomcat
 ---> Using cache
 ---> 5b63eaa6b674
Step 18/18 : CMD tomcat.sh
 ---> Using cache
 ---> 1a2f56f9b76a
Successfully built 1a2f56f9b76a
