[php_5-S3KRGTVXIVMCZZA42SYB4NKVM6IK34AJ37SX22QNQNPDLEGRHSOQ] Running shell script
+ docker push registry.demo.cloudcontrolled.net/demo/php:5-build2
The push refers to a repository [registry.demo.cloudcontrolled.net/demo/php]
502b70e2e6b1: Preparing
7c77d0dafeb6: Preparing
8232c90cc85c: Preparing
4e32ed69300c: Preparing
1dffd85c716f: Preparing
af316457ad9b: Preparing
4c1d3a53ae10: Preparing
b51149973e6a: Preparing
af316457ad9b: Waiting
b51149973e6a: Waiting
4c1d3a53ae10: Waiting
4e32ed69300c: Layer already exists
1dffd85c716f: Layer already exists
7c77d0dafeb6: Layer already exists
8232c90cc85c: Layer already exists
502b70e2e6b1: Layer already exists
af316457ad9b: Layer already exists
b51149973e6a: Layer already exists
4c1d3a53ae10: Layer already exists
5-build2: digest: sha256:5219104d5c8c8d5b367c7c75e36e595cc8a5ec2b85f7ac556fa66993aff4a5b7 size: 1998
