Cloning the remote Git repository
Cloning repository git@github.com:flegrand/httpd.git
 > git init /var/jenkins_home/workspace/httpd_2.4-T4XQXL7DJVXJDYQHPBGAJVIBLBNEXDPRQA5MLWKZVECUSWG5XVKQ # timeout=10
Fetching upstream changes from git@github.com:flegrand/httpd.git
 > git --version # timeout=10
using GIT_ASKPASS to set credentials 
 > git fetch --tags --progress git@github.com:flegrand/httpd.git +refs/heads/*:refs/remotes/origin/*
 > git config remote.origin.url git@github.com:flegrand/httpd.git # timeout=10
 > git config --add remote.origin.fetch +refs/heads/*:refs/remotes/origin/* # timeout=10
 > git config remote.origin.url git@github.com:flegrand/httpd.git # timeout=10
Fetching upstream changes from git@github.com:flegrand/httpd.git
using GIT_ASKPASS to set credentials 
 > git fetch --tags --progress git@github.com:flegrand/httpd.git +refs/heads/*:refs/remotes/origin/*
 > git rev-parse refs/remotes/origin/2.4^{commit} # timeout=10
 > git rev-parse refs/remotes/origin/origin/2.4^{commit} # timeout=10
Checking out Revision 358675a12baa6ee54d16b724eae2aca6b5bf9f8b (refs/remotes/origin/2.4)
 > git config core.sparsecheckout # timeout=10
 > git checkout -f 358675a12baa6ee54d16b724eae2aca6b5bf9f8b
 > git branch -a -v --no-abbrev # timeout=10
 > git checkout -b 2.4 358675a12baa6ee54d16b724eae2aca6b5bf9f8b
First time build. Skipping changelog.
