Cloning the remote Git repository
Cloning repository http://jenkins@git.demo.cloudcontrolled.net:8800/demo/tomcat.git
 > git init /var/jenkins_home/workspace/tomcat_8-UCSTNIYECUNIP744ID43ADD5Y5O4GBL2NWS4BAXH7OHJYWA2BMPQ # timeout=10
Fetching upstream changes from http://jenkins@git.demo.cloudcontrolled.net:8800/demo/tomcat.git
 > git --version # timeout=10
using GIT_ASKPASS to set credentials 
 > git fetch --tags --progress http://jenkins@git.demo.cloudcontrolled.net:8800/demo/tomcat.git +refs/heads/*:refs/remotes/origin/*
ERROR: Error cloning remote repo 'origin'
[8mha:////4O2EGF/TrHnlR0pUMOIoqdhC0q5LOwUOekIujrIggMqDAAAAWB+LCAAAAAAAAP9b85aBtbiIQSmjNKU4P08vOT+vOD8nVc8DzHWtSE4tKMnMz/PLL0ldFVf2c+b/lb5MDAwVRQxSaBqcITRIIQMEMIIUFgAAckCEiWAAAAA=[0mhudson.plugins.git.GitException: Command "git fetch --tags --progress http://jenkins@git.demo.cloudcontrolled.net:8800/demo/tomcat.git +refs/heads/*:refs/remotes/origin/*" returned status code 128:
stdout: 
stderr: fatal: unable to access 'http://jenkins@git.demo.cloudcontrolled.net:8800/demo/tomcat.git/': Could not resolve host: git.demo.cloudcontrolled.net

	at org.jenkinsci.plugins.gitclient.CliGitAPIImpl.launchCommandIn(CliGitAPIImpl.java:1877)
	at org.jenkinsci.plugins.gitclient.CliGitAPIImpl.launchCommandWithCredentials(CliGitAPIImpl.java:1596)
	at org.jenkinsci.plugins.gitclient.CliGitAPIImpl.access$300(CliGitAPIImpl.java:71)
	at org.jenkinsci.plugins.gitclient.CliGitAPIImpl$1.execute(CliGitAPIImpl.java:348)
	at org.jenkinsci.plugins.gitclient.CliGitAPIImpl$2.execute(CliGitAPIImpl.java:545)
	at hudson.plugins.git.GitSCM.retrieveChanges(GitSCM.java:1067)
	at hudson.plugins.git.GitSCM.checkout(GitSCM.java:1107)
	at org.jenkinsci.plugins.workflow.steps.scm.SCMStep.checkout(SCMStep.java:109)
	at org.jenkinsci.plugins.workflow.steps.scm.SCMStep$StepExecutionImpl.run(SCMStep.java:83)
	at org.jenkinsci.plugins.workflow.steps.scm.SCMStep$StepExecutionImpl.run(SCMStep.java:73)
	at org.jenkinsci.plugins.workflow.steps.AbstractSynchronousNonBlockingStepExecution$1$1.call(AbstractSynchronousNonBlockingStepExecution.java:47)
	at hudson.security.ACL.impersonate(ACL.java:260)
	at org.jenkinsci.plugins.workflow.steps.AbstractSynchronousNonBlockingStepExecution$1.run(AbstractSynchronousNonBlockingStepExecution.java:44)
	at java.util.concurrent.Executors$RunnableAdapter.call(Executors.java:511)
	at java.util.concurrent.FutureTask.run(FutureTask.java:266)
	at java.util.concurrent.ThreadPoolExecutor.runWorker(ThreadPoolExecutor.java:1142)
	at java.util.concurrent.ThreadPoolExecutor$Worker.run(ThreadPoolExecutor.java:617)
	at java.lang.Thread.run(Thread.java:748)
