[app1_master-4KRBSLOTZKJ6NJE5R6IRTUA6ERO6ROA2KKMZBKMGT33NKHYVY4VQ] Running shell script
+ docker push registry.demo.cloudcontrolled.net/demo/app1:master-build10
The push refers to a repository [registry.demo.cloudcontrolled.net/demo/app1]
44c1322edc96: Preparing
459499dbb589: Preparing
04801a79bb2d: Preparing
ee4ec915d241: Preparing
d18bce29a804: Preparing
efd1ef41f34d: Preparing
8cb1b4049e53: Preparing
45b90922d1dd: Preparing
b51149973e6a: Preparing
efd1ef41f34d: Waiting
8cb1b4049e53: Waiting
b51149973e6a: Waiting
45b90922d1dd: Waiting
ee4ec915d241: Mounted from demo/php
459499dbb589: Mounted from demo/php
04801a79bb2d: Mounted from demo/php
d18bce29a804: Mounted from demo/php
efd1ef41f34d: Mounted from demo/php
45b90922d1dd: Mounted from demo/php
8cb1b4049e53: Mounted from demo/php
b51149973e6a: Mounted from demo/php
44c1322edc96: Pushed
master-build10: digest: sha256:80e077dd55a7742e501f1d6fc428ccc20a6dd5d6c21e752bd36b0510ebd297bb size: 2208
