[tomcat_8-UCSTNIYECUNIP744ID43ADD5Y5O4GBL2NWS4BAXH7OHJYWA2BMPQ] Running shell script
+ docker push registry.demo.cloudcontrolled.net/demo/tomcat:8-build11
The push refers to a repository [registry.demo.cloudcontrolled.net/demo/tomcat]
01fe1bd05f6d: Preparing
88bec548d7e6: Preparing
0e684473e77a: Preparing
4d0e43683a3f: Preparing
b161d24f687c: Preparing
681738188e26: Preparing
f36ea2536488: Preparing
b719af8eed05: Preparing
efd1ef41f34d: Preparing
8cb1b4049e53: Preparing
45b90922d1dd: Preparing
b51149973e6a: Preparing
f36ea2536488: Waiting
681738188e26: Waiting
b719af8eed05: Waiting
efd1ef41f34d: Waiting
8cb1b4049e53: Waiting
b51149973e6a: Waiting
45b90922d1dd: Waiting
0e684473e77a: Pushed
b161d24f687c: Pushed
88bec548d7e6: Pushed
4d0e43683a3f: Pushed
b719af8eed05: Mounted from demo/java
efd1ef41f34d: Mounted from demo/app1
8cb1b4049e53: Mounted from demo/app1
45b90922d1dd: Mounted from demo/app1
b51149973e6a: Mounted from demo/app1
01fe1bd05f6d: Pushed
681738188e26: Pushed
f36ea2536488: Pushed
8-build11: digest: sha256:68f66d8fb259d80a07d68c5ef53b8fce2e6bf3a9bf19e0c52298674c21cfaba7 size: 2835
