Cloning the remote Git repository
Cloning repository git@github.com:flegrand/centos.git
 > git init /var/jenkins_home/workspace/centos_7-PIDCJUU3SUGUHEPNN62JXXPOJBCK3UVGOWE33FTYNAHJC2FJ3TZQ # timeout=10
Fetching upstream changes from git@github.com:flegrand/centos.git
 > git --version # timeout=10
using GIT_ASKPASS to set credentials 
 > git fetch --tags --progress git@github.com:flegrand/centos.git +refs/heads/*:refs/remotes/origin/*
 > git config remote.origin.url git@github.com:flegrand/centos.git # timeout=10
 > git config --add remote.origin.fetch +refs/heads/*:refs/remotes/origin/* # timeout=10
 > git config remote.origin.url git@github.com:flegrand/centos.git # timeout=10
Fetching upstream changes from git@github.com:flegrand/centos.git
using GIT_ASKPASS to set credentials 
 > git fetch --tags --progress git@github.com:flegrand/centos.git +refs/heads/*:refs/remotes/origin/*
 > git rev-parse refs/remotes/origin/7^{commit} # timeout=10
 > git rev-parse refs/remotes/origin/origin/7^{commit} # timeout=10
Checking out Revision fb21e6e7057e4d70d95082acf53c6f41e5c25463 (refs/remotes/origin/7)
 > git config core.sparsecheckout # timeout=10
 > git checkout -f fb21e6e7057e4d70d95082acf53c6f41e5c25463
 > git branch -a -v --no-abbrev # timeout=10
 > git checkout -b 7 fb21e6e7057e4d70d95082acf53c6f41e5c25463
First time build. Skipping changelog.
