[java_openjdk-7-jdk-XBFBUI44C6TM22UFDXFBCXPWAMZIDF7343PE2RKFQQVXIYYCA6YA] Running shell script
+ docker build -t registry.demo.cloudcontrolled.net/demo/java:openjdk-7-jdk-build15 .
Sending build context to Docker daemon 92.67 kB
Step 1/4 : FROM registry.demo.cloudcontrolled.net/demo/centos:7
 ---> 437d66d45342
Step 2/4 : RUN yum update -y && yum install -y wget && yum install -y java-1.8.0-openjdk java-1.8.0-openjdk-devel && yum clean all
 ---> Running in a776213d42d8
Loaded plugins: fastestmirror, ovl
Loading mirror speeds from cached hostfile
 * base: mirror.spreitzer.ch
 * extras: mirror.spreitzer.ch
 * updates: mirror.spreitzer.ch
No packages marked for update
Loaded plugins: fastestmirror, ovl
Loading mirror speeds from cached hostfile
 * base: mirror.spreitzer.ch
 * extras: mirror.spreitzer.ch
 * updates: mirror.spreitzer.ch
Package wget-1.14-13.el7.x86_64 already installed and latest version
Nothing to do
Loaded plugins: fastestmirror, ovl
Loading mirror speeds from cached hostfile
 * base: mirror.spreitzer.ch
 * extras: mirror.spreitzer.ch
 * updates: mirror.spreitzer.ch
Resolving Dependencies
--> Running transaction check
---> Package java-1.8.0-openjdk.x86_64 1:1.8.0.131-3.b12.el7_3 will be installed
--> Processing Dependency: java-1.8.0-openjdk-headless = 1:1.8.0.131-3.b12.el7_3 for package: 1:java-1.8.0-openjdk-1.8.0.131-3.b12.el7_3.x86_64
--> Processing Dependency: xorg-x11-fonts-Type1 for package: 1:java-1.8.0-openjdk-1.8.0.131-3.b12.el7_3.x86_64
--> Processing Dependency: libpng15.so.15(PNG15_0)(64bit) for package: 1:java-1.8.0-openjdk-1.8.0.131-3.b12.el7_3.x86_64
--> Processing Dependency: libjvm.so(SUNWprivate_1.1)(64bit) for package: 1:java-1.8.0-openjdk-1.8.0.131-3.b12.el7_3.x86_64
--> Processing Dependency: libjpeg.so.62(LIBJPEG_6.2)(64bit) for package: 1:java-1.8.0-openjdk-1.8.0.131-3.b12.el7_3.x86_64
--> Processing Dependency: libjava.so(SUNWprivate_1.1)(64bit) for package: 1:java-1.8.0-openjdk-1.8.0.131-3.b12.el7_3.x86_64
--> Processing Dependency: libasound.so.2(ALSA_0.9.0rc4)(64bit) for package: 1:java-1.8.0-openjdk-1.8.0.131-3.b12.el7_3.x86_64
--> Processing Dependency: libasound.so.2(ALSA_0.9)(64bit) for package: 1:java-1.8.0-openjdk-1.8.0.131-3.b12.el7_3.x86_64
--> Processing Dependency: fontconfig(x86-64) for package: 1:java-1.8.0-openjdk-1.8.0.131-3.b12.el7_3.x86_64
--> Processing Dependency: libpng15.so.15()(64bit) for package: 1:java-1.8.0-openjdk-1.8.0.131-3.b12.el7_3.x86_64
--> Processing Dependency: libjvm.so()(64bit) for package: 1:java-1.8.0-openjdk-1.8.0.131-3.b12.el7_3.x86_64
--> Processing Dependency: libjpeg.so.62()(64bit) for package: 1:java-1.8.0-openjdk-1.8.0.131-3.b12.el7_3.x86_64
--> Processing Dependency: libjava.so()(64bit) for package: 1:java-1.8.0-openjdk-1.8.0.131-3.b12.el7_3.x86_64
--> Processing Dependency: libgif.so.4()(64bit) for package: 1:java-1.8.0-openjdk-1.8.0.131-3.b12.el7_3.x86_64
--> Processing Dependency: libawt.so()(64bit) for package: 1:java-1.8.0-openjdk-1.8.0.131-3.b12.el7_3.x86_64
--> Processing Dependency: libasound.so.2()(64bit) for package: 1:java-1.8.0-openjdk-1.8.0.131-3.b12.el7_3.x86_64
--> Processing Dependency: libXtst.so.6()(64bit) for package: 1:java-1.8.0-openjdk-1.8.0.131-3.b12.el7_3.x86_64
--> Processing Dependency: libXrender.so.1()(64bit) for package: 1:java-1.8.0-openjdk-1.8.0.131-3.b12.el7_3.x86_64
--> Processing Dependency: libXi.so.6()(64bit) for package: 1:java-1.8.0-openjdk-1.8.0.131-3.b12.el7_3.x86_64
--> Processing Dependency: libXext.so.6()(64bit) for package: 1:java-1.8.0-openjdk-1.8.0.131-3.b12.el7_3.x86_64
--> Processing Dependency: libXcomposite.so.1()(64bit) for package: 1:java-1.8.0-openjdk-1.8.0.131-3.b12.el7_3.x86_64
--> Processing Dependency: libX11.so.6()(64bit) for package: 1:java-1.8.0-openjdk-1.8.0.131-3.b12.el7_3.x86_64
---> Package java-1.8.0-openjdk-devel.x86_64 1:1.8.0.131-3.b12.el7_3 will be installed
--> Running transaction check
---> Package alsa-lib.x86_64 0:1.1.1-1.el7 will be installed
---> Package fontconfig.x86_64 0:2.10.95-10.el7 will be installed
--> Processing Dependency: freetype for package: fontconfig-2.10.95-10.el7.x86_64
--> Processing Dependency: fontpackages-filesystem for package: fontconfig-2.10.95-10.el7.x86_64
--> Processing Dependency: libfreetype.so.6()(64bit) for package: fontconfig-2.10.95-10.el7.x86_64
---> Package giflib.x86_64 0:4.1.6-9.el7 will be installed
--> Processing Dependency: libSM.so.6()(64bit) for package: giflib-4.1.6-9.el7.x86_64
--> Processing Dependency: libICE.so.6()(64bit) for package: giflib-4.1.6-9.el7.x86_64
---> Package java-1.8.0-openjdk-headless.x86_64 1:1.8.0.131-3.b12.el7_3 will be installed
--> Processing Dependency: tzdata-java >= 2015d for package: 1:java-1.8.0-openjdk-headless-1.8.0.131-3.b12.el7_3.x86_64
--> Processing Dependency: copy-jdk-configs >= 1.1-3 for package: 1:java-1.8.0-openjdk-headless-1.8.0.131-3.b12.el7_3.x86_64
--> Processing Dependency: lksctp-tools(x86-64) for package: 1:java-1.8.0-openjdk-headless-1.8.0.131-3.b12.el7_3.x86_64
--> Processing Dependency: jpackage-utils for package: 1:java-1.8.0-openjdk-headless-1.8.0.131-3.b12.el7_3.x86_64
---> Package libX11.x86_64 0:1.6.3-3.el7 will be installed
--> Processing Dependency: libX11-common >= 1.6.3-3.el7 for package: libX11-1.6.3-3.el7.x86_64
--> Processing Dependency: libxcb.so.1()(64bit) for package: libX11-1.6.3-3.el7.x86_64
---> Package libXcomposite.x86_64 0:0.4.4-4.1.el7 will be installed
---> Package libXext.x86_64 0:1.3.3-3.el7 will be installed
---> Package libXi.x86_64 0:1.7.4-2.el7 will be installed
---> Package libXrender.x86_64 0:0.9.8-2.1.el7 will be installed
---> Package libXtst.x86_64 0:1.2.2-2.1.el7 will be installed
---> Package libjpeg-turbo.x86_64 0:1.2.90-5.el7 will be installed
---> Package libpng.x86_64 2:1.5.13-7.el7_2 will be installed
---> Package xorg-x11-fonts-Type1.noarch 0:7.5-9.el7 will be installed
--> Processing Dependency: ttmkfdir for package: xorg-x11-fonts-Type1-7.5-9.el7.noarch
--> Processing Dependency: ttmkfdir for package: xorg-x11-fonts-Type1-7.5-9.el7.noarch
--> Processing Dependency: mkfontdir for package: xorg-x11-fonts-Type1-7.5-9.el7.noarch
--> Processing Dependency: mkfontdir for package: xorg-x11-fonts-Type1-7.5-9.el7.noarch
--> Running transaction check
---> Package copy-jdk-configs.noarch 0:1.2-1.el7 will be installed
---> Package fontpackages-filesystem.noarch 0:1.44-8.el7 will be installed
---> Package freetype.x86_64 0:2.4.11-12.el7 will be installed
---> Package javapackages-tools.noarch 0:3.4.1-11.el7 will be installed
--> Processing Dependency: python-javapackages = 3.4.1-11.el7 for package: javapackages-tools-3.4.1-11.el7.noarch
--> Processing Dependency: libxslt for package: javapackages-tools-3.4.1-11.el7.noarch
---> Package libICE.x86_64 0:1.0.9-2.el7 will be installed
---> Package libSM.x86_64 0:1.2.2-2.el7 will be installed
---> Package libX11-common.noarch 0:1.6.3-3.el7 will be installed
---> Package libxcb.x86_64 0:1.11-4.el7 will be installed
--> Processing Dependency: libXau.so.6()(64bit) for package: libxcb-1.11-4.el7.x86_64
---> Package lksctp-tools.x86_64 0:1.0.17-2.el7 will be installed
---> Package ttmkfdir.x86_64 0:3.0.9-42.el7 will be installed
---> Package tzdata-java.noarch 0:2017b-1.el7 will be installed
---> Package xorg-x11-font-utils.x86_64 1:7.5-20.el7 will be installed
--> Processing Dependency: libfontenc.so.1()(64bit) for package: 1:xorg-x11-font-utils-7.5-20.el7.x86_64
--> Processing Dependency: libXfont.so.1()(64bit) for package: 1:xorg-x11-font-utils-7.5-20.el7.x86_64
--> Running transaction check
---> Package libXau.x86_64 0:1.0.8-2.1.el7 will be installed
---> Package libXfont.x86_64 0:1.5.1-2.el7 will be installed
---> Package libfontenc.x86_64 0:1.1.2-3.el7 will be installed
---> Package libxslt.x86_64 0:1.1.28-5.el7 will be installed
---> Package python-javapackages.noarch 0:3.4.1-11.el7 will be installed
--> Processing Dependency: python-lxml for package: python-javapackages-3.4.1-11.el7.noarch
--> Running transaction check
---> Package python-lxml.x86_64 0:3.2.1-4.el7 will be installed
--> Finished Dependency Resolution

Dependencies Resolved

================================================================================
 Package                      Arch    Version                    Repository
                                                                           Size
================================================================================
Installing:
 java-1.8.0-openjdk           x86_64  1:1.8.0.131-3.b12.el7_3    updates  233 k
 java-1.8.0-openjdk-devel     x86_64  1:1.8.0.131-3.b12.el7_3    updates  9.7 M
Installing for dependencies:
 alsa-lib                     x86_64  1.1.1-1.el7                base     415 k
 copy-jdk-configs             noarch  1.2-1.el7                  base      14 k
 fontconfig                   x86_64  2.10.95-10.el7             base     229 k
 fontpackages-filesystem      noarch  1.44-8.el7                 base     9.9 k
 freetype                     x86_64  2.4.11-12.el7              base     391 k
 giflib                       x86_64  4.1.6-9.el7                base      40 k
 java-1.8.0-openjdk-headless  x86_64  1:1.8.0.131-3.b12.el7_3    updates   31 M
 javapackages-tools           noarch  3.4.1-11.el7               base      73 k
 libICE                       x86_64  1.0.9-2.el7                base      65 k
 libSM                        x86_64  1.2.2-2.el7                base      39 k
 libX11                       x86_64  1.6.3-3.el7                base     606 k
 libX11-common                noarch  1.6.3-3.el7                base     162 k
 libXau                       x86_64  1.0.8-2.1.el7              base      29 k
 libXcomposite                x86_64  0.4.4-4.1.el7              base      22 k
 libXext                      x86_64  1.3.3-3.el7                base      39 k
 libXfont                     x86_64  1.5.1-2.el7                base     150 k
 libXi                        x86_64  1.7.4-2.el7                base      40 k
 libXrender                   x86_64  0.9.8-2.1.el7              base      25 k
 libXtst                      x86_64  1.2.2-2.1.el7              base      20 k
 libfontenc                   x86_64  1.1.2-3.el7                base      30 k
 libjpeg-turbo                x86_64  1.2.90-5.el7               base     134 k
 libpng                       x86_64  2:1.5.13-7.el7_2           base     213 k
 libxcb                       x86_64  1.11-4.el7                 base     189 k
 libxslt                      x86_64  1.1.28-5.el7               base     242 k
 lksctp-tools                 x86_64  1.0.17-2.el7               base      88 k
 python-javapackages          noarch  3.4.1-11.el7               base      31 k
 python-lxml                  x86_64  3.2.1-4.el7                base     758 k
 ttmkfdir                     x86_64  3.0.9-42.el7               base      48 k
 tzdata-java                  noarch  2017b-1.el7                updates  183 k
 xorg-x11-font-utils          x86_64  1:7.5-20.el7               base      87 k
 xorg-x11-fonts-Type1         noarch  7.5-9.el7                  base     521 k

Transaction Summary
================================================================================
Install  2 Packages (+31 Dependent packages)

Total download size: 46 M
Installed size: 156 M
Downloading packages:
--------------------------------------------------------------------------------
Total                                               15 MB/s |  46 MB  00:03     
Running transaction check
Running transaction test
Transaction test succeeded
Running transaction
  Installing : freetype-2.4.11-12.el7.x86_64                               1/33 
  Installing : libICE-1.0.9-2.el7.x86_64                                   2/33 
  Installing : libxslt-1.1.28-5.el7.x86_64                                 3/33 
  Installing : libfontenc-1.1.2-3.el7.x86_64                               4/33 
  Installing : libjpeg-turbo-1.2.90-5.el7.x86_64                           5/33 
  Installing : libXfont-1.5.1-2.el7.x86_64                                 6/33 
  Installing : 1:xorg-x11-font-utils-7.5-20.el7.x86_64                     7/33 
  Installing : python-lxml-3.2.1-4.el7.x86_64                              8/33 
  Installing : python-javapackages-3.4.1-11.el7.noarch                     9/33 
  Installing : javapackages-tools-3.4.1-11.el7.noarch                     10/33 
  Installing : libSM-1.2.2-2.el7.x86_64                                   11/33 
  Installing : ttmkfdir-3.0.9-42.el7.x86_64                               12/33 
  Installing : libX11-common-1.6.3-3.el7.noarch                           13/33 
  Installing : alsa-lib-1.1.1-1.el7.x86_64                                14/33 
  Installing : libXau-1.0.8-2.1.el7.x86_64                                15/33 
  Installing : libxcb-1.11-4.el7.x86_64                                   16/33 
  Installing : libX11-1.6.3-3.el7.x86_64                                  17/33 
  Installing : libXext-1.3.3-3.el7.x86_64                                 18/33 
  Installing : libXi-1.7.4-2.el7.x86_64                                   19/33 
  Installing : libXtst-1.2.2-2.1.el7.x86_64                               20/33 
  Installing : giflib-4.1.6-9.el7.x86_64                                  21/33 
  Installing : libXcomposite-0.4.4-4.1.el7.x86_64                         22/33 
  Installing : libXrender-0.9.8-2.1.el7.x86_64                            23/33 
  Installing : tzdata-java-2017b-1.el7.noarch                             24/33 
  Installing : copy-jdk-configs-1.2-1.el7.noarch                          25/33 
  Installing : lksctp-tools-1.0.17-2.el7.x86_64                           26/33 
  Installing : 1:java-1.8.0-openjdk-headless-1.8.0.131-3.b12.el7_3.x86_   27/33 
  Installing : fontpackages-filesystem-1.44-8.el7.noarch                  28/33 
  Installing : fontconfig-2.10.95-10.el7.x86_64                           29/33 
  Installing : xorg-x11-fonts-Type1-7.5-9.el7.noarch                      30/33 
  Installing : 2:libpng-1.5.13-7.el7_2.x86_64                             31/33 
  Installing : 1:java-1.8.0-openjdk-1.8.0.131-3.b12.el7_3.x86_64          32/33 
  Installing : 1:java-1.8.0-openjdk-devel-1.8.0.131-3.b12.el7_3.x86_64    33/33 
  Verifying  : libXext-1.3.3-3.el7.x86_64                                  1/33 
  Verifying  : giflib-4.1.6-9.el7.x86_64                                   2/33 
  Verifying  : libjpeg-turbo-1.2.90-5.el7.x86_64                           3/33 
  Verifying  : libfontenc-1.1.2-3.el7.x86_64                               4/33 
  Verifying  : libXtst-1.2.2-2.1.el7.x86_64                                5/33 
  Verifying  : python-lxml-3.2.1-4.el7.x86_64                              6/33 
  Verifying  : libxcb-1.11-4.el7.x86_64                                    7/33 
  Verifying  : 2:libpng-1.5.13-7.el7_2.x86_64                              8/33 
  Verifying  : fontpackages-filesystem-1.44-8.el7.noarch                   9/33 
  Verifying  : ttmkfdir-3.0.9-42.el7.x86_64                               10/33 
  Verifying  : 1:java-1.8.0-openjdk-headless-1.8.0.131-3.b12.el7_3.x86_   11/33 
  Verifying  : 1:java-1.8.0-openjdk-devel-1.8.0.131-3.b12.el7_3.x86_64    12/33 
  Verifying  : python-javapackages-3.4.1-11.el7.noarch                    13/33 
  Verifying  : libXcomposite-0.4.4-4.1.el7.x86_64                         14/33 
  Verifying  : libXrender-0.9.8-2.1.el7.x86_64                            15/33 
  Verifying  : lksctp-tools-1.0.17-2.el7.x86_64                           16/33 
  Verifying  : copy-jdk-configs-1.2-1.el7.noarch                          17/33 
  Verifying  : xorg-x11-fonts-Type1-7.5-9.el7.noarch                      18/33 
  Verifying  : libxslt-1.1.28-5.el7.x86_64                                19/33 
  Verifying  : freetype-2.4.11-12.el7.x86_64                              20/33 
  Verifying  : tzdata-java-2017b-1.el7.noarch                             21/33 
  Verifying  : libICE-1.0.9-2.el7.x86_64                                  22/33 
  Verifying  : libXfont-1.5.1-2.el7.x86_64                                23/33 
  Verifying  : javapackages-tools-3.4.1-11.el7.noarch                     24/33 
  Verifying  : 1:java-1.8.0-openjdk-1.8.0.131-3.b12.el7_3.x86_64          25/33 
  Verifying  : libXi-1.7.4-2.el7.x86_64                                   26/33 
  Verifying  : libXau-1.0.8-2.1.el7.x86_64                                27/33 
  Verifying  : libSM-1.2.2-2.el7.x86_64                                   28/33 
  Verifying  : alsa-lib-1.1.1-1.el7.x86_64                                29/33 
  Verifying  : libX11-1.6.3-3.el7.x86_64                                  30/33 
  Verifying  : libX11-common-1.6.3-3.el7.noarch                           31/33 
  Verifying  : fontconfig-2.10.95-10.el7.x86_64                           32/33 
  Verifying  : 1:xorg-x11-font-utils-7.5-20.el7.x86_64                    33/33 

Installed:
  java-1.8.0-openjdk.x86_64 1:1.8.0.131-3.b12.el7_3                             
  java-1.8.0-openjdk-devel.x86_64 1:1.8.0.131-3.b12.el7_3                       

Dependency Installed:
  alsa-lib.x86_64 0:1.1.1-1.el7                                                 
  copy-jdk-configs.noarch 0:1.2-1.el7                                           
  fontconfig.x86_64 0:2.10.95-10.el7                                            
  fontpackages-filesystem.noarch 0:1.44-8.el7                                   
  freetype.x86_64 0:2.4.11-12.el7                                               
  giflib.x86_64 0:4.1.6-9.el7                                                   
  java-1.8.0-openjdk-headless.x86_64 1:1.8.0.131-3.b12.el7_3                    
  javapackages-tools.noarch 0:3.4.1-11.el7                                      
  libICE.x86_64 0:1.0.9-2.el7                                                   
  libSM.x86_64 0:1.2.2-2.el7                                                    
  libX11.x86_64 0:1.6.3-3.el7                                                   
  libX11-common.noarch 0:1.6.3-3.el7                                            
  libXau.x86_64 0:1.0.8-2.1.el7                                                 
  libXcomposite.x86_64 0:0.4.4-4.1.el7                                          
  libXext.x86_64 0:1.3.3-3.el7                                                  
  libXfont.x86_64 0:1.5.1-2.el7                                                 
  libXi.x86_64 0:1.7.4-2.el7                                                    
  libXrender.x86_64 0:0.9.8-2.1.el7                                             
  libXtst.x86_64 0:1.2.2-2.1.el7                                                
  libfontenc.x86_64 0:1.1.2-3.el7                                               
  libjpeg-turbo.x86_64 0:1.2.90-5.el7                                           
  libpng.x86_64 2:1.5.13-7.el7_2                                                
  libxcb.x86_64 0:1.11-4.el7                                                    
  libxslt.x86_64 0:1.1.28-5.el7                                                 
  lksctp-tools.x86_64 0:1.0.17-2.el7                                            
  python-javapackages.noarch 0:3.4.1-11.el7                                     
  python-lxml.x86_64 0:3.2.1-4.el7                                              
  ttmkfdir.x86_64 0:3.0.9-42.el7                                                
  tzdata-java.noarch 0:2017b-1.el7                                              
  xorg-x11-font-utils.x86_64 1:7.5-20.el7                                       
  xorg-x11-fonts-Type1.noarch 0:7.5-9.el7                                       

Complete!
Loaded plugins: fastestmirror, ovl
Cleaning repos: base extras updates
Cleaning up everything
Cleaning up list of fastest mirrors
 ---> 9d70457c8d03
Removing intermediate container a776213d42d8
Step 3/4 : ENV HOME /root
 ---> Running in 0a263925ef8f
 ---> 241128d2da4b
Removing intermediate container 0a263925ef8f
Step 4/4 : WORKDIR /root
 ---> 98bddd1f587c
Removing intermediate container d54d2d4e1d3b
Successfully built 98bddd1f587c
