[tomcat_8-UCSTNIYECUNIP744ID43ADD5Y5O4GBL2NWS4BAXH7OHJYWA2BMPQ] Running shell script
+ docker push registry.demo.cloudcontrolled.net/demo/tomcat:8-build10
The push refers to a repository [registry.demo.cloudcontrolled.net/demo/tomcat]
5f98eff05d87: Preparing
794700e7d6a5: Preparing
8ea924ee3188: Preparing
b7fffcf1dc3a: Preparing
48c9f7a8d77c: Preparing
e49dca012708: Preparing
91887aaecacf: Preparing
e9d82f90351f: Preparing
1dffd85c716f: Preparing
af316457ad9b: Preparing
4c1d3a53ae10: Preparing
b51149973e6a: Preparing
48c9f7a8d77c: Waiting
e49dca012708: Waiting
91887aaecacf: Waiting
e9d82f90351f: Waiting
1dffd85c716f: Waiting
af316457ad9b: Waiting
4c1d3a53ae10: Waiting
b51149973e6a: Waiting
794700e7d6a5: Pushed
b7fffcf1dc3a: Pushed
8ea924ee3188: Pushed
48c9f7a8d77c: Pushed
e9d82f90351f: Mounted from demo/java
1dffd85c716f: Mounted from demo/php
5f98eff05d87: Pushed
af316457ad9b: Mounted from demo/php
4c1d3a53ae10: Mounted from demo/php
e49dca012708: Pushed
b51149973e6a: Mounted from demo/php
91887aaecacf: Pushed
8-build10: digest: sha256:d73080799b291b6c79084ec398db86d7cccb93f6ab4e539332c5df07f30b90d6 size: 2835
