[httpd_2.4-T4XQXL7DJVXJDYQHPBGAJVIBLBNEXDPRQA5MLWKZVECUSWG5XVKQ] Running shell script
+ docker build -t registry.demo.cloudcontrolled.net/demo/httpd:2.4-build12 .
Sending build context to Docker daemon 67.58 kB
Step 1/3 : FROM registry.demo.cloudcontrolled.net/demo/centos:7
 ---> 437d66d45342
Step 2/3 : RUN yum install -y httpd-2.4.6
 ---> Running in d1d3c5a5fd9b
Loaded plugins: fastestmirror, ovl
Loading mirror speeds from cached hostfile
 * base: mirror.spreitzer.ch
 * extras: mirror.spreitzer.ch
 * updates: mirror.spreitzer.ch
Resolving Dependencies
--> Running transaction check
---> Package httpd.x86_64 0:2.4.6-45.el7.centos.4 will be installed
--> Processing Dependency: httpd-tools = 2.4.6-45.el7.centos.4 for package: httpd-2.4.6-45.el7.centos.4.x86_64
--> Processing Dependency: system-logos >= 7.92.1-1 for package: httpd-2.4.6-45.el7.centos.4.x86_64
--> Processing Dependency: /etc/mime.types for package: httpd-2.4.6-45.el7.centos.4.x86_64
--> Processing Dependency: libaprutil-1.so.0()(64bit) for package: httpd-2.4.6-45.el7.centos.4.x86_64
--> Processing Dependency: libapr-1.so.0()(64bit) for package: httpd-2.4.6-45.el7.centos.4.x86_64
--> Running transaction check
---> Package apr.x86_64 0:1.4.8-3.el7 will be installed
---> Package apr-util.x86_64 0:1.5.2-6.el7 will be installed
---> Package centos-logos.noarch 0:70.0.6-3.el7.centos will be installed
---> Package httpd-tools.x86_64 0:2.4.6-45.el7.centos.4 will be installed
---> Package mailcap.noarch 0:2.1.41-2.el7 will be installed
--> Finished Dependency Resolution

Dependencies Resolved

================================================================================
 Package           Arch        Version                       Repository    Size
================================================================================
Installing:
 httpd             x86_64      2.4.6-45.el7.centos.4         updates      2.7 M
Installing for dependencies:
 apr               x86_64      1.4.8-3.el7                   base         103 k
 apr-util          x86_64      1.5.2-6.el7                   base          92 k
 centos-logos      noarch      70.0.6-3.el7.centos           base          21 M
 httpd-tools       x86_64      2.4.6-45.el7.centos.4         updates       84 k
 mailcap           noarch      2.1.41-2.el7                  base          31 k

Transaction Summary
================================================================================
Install  1 Package (+5 Dependent packages)

Total download size: 24 M
Installed size: 32 M
Downloading packages:
--------------------------------------------------------------------------------
Total                                               10 MB/s |  24 MB  00:02     
Running transaction check
Running transaction test
Transaction test succeeded
Running transaction
  Installing : apr-1.4.8-3.el7.x86_64                                       1/6 
  Installing : apr-util-1.5.2-6.el7.x86_64                                  2/6 
  Installing : httpd-tools-2.4.6-45.el7.centos.4.x86_64                     3/6 
  Installing : centos-logos-70.0.6-3.el7.centos.noarch                      4/6 
  Installing : mailcap-2.1.41-2.el7.noarch                                  5/6 
  Installing : httpd-2.4.6-45.el7.centos.4.x86_64                           6/6 
  Verifying  : apr-1.4.8-3.el7.x86_64                                       1/6 
  Verifying  : mailcap-2.1.41-2.el7.noarch                                  2/6 
  Verifying  : apr-util-1.5.2-6.el7.x86_64                                  3/6 
  Verifying  : httpd-tools-2.4.6-45.el7.centos.4.x86_64                     4/6 
  Verifying  : httpd-2.4.6-45.el7.centos.4.x86_64                           5/6 
  Verifying  : centos-logos-70.0.6-3.el7.centos.noarch                      6/6 

Installed:
  httpd.x86_64 0:2.4.6-45.el7.centos.4                                          

Dependency Installed:
  apr.x86_64 0:1.4.8-3.el7                                                      
  apr-util.x86_64 0:1.5.2-6.el7                                                 
  centos-logos.noarch 0:70.0.6-3.el7.centos                                     
  httpd-tools.x86_64 0:2.4.6-45.el7.centos.4                                    
  mailcap.noarch 0:2.1.41-2.el7                                                 

Complete!
 ---> d5c258a74c1a
Removing intermediate container d1d3c5a5fd9b
Step 3/3 : CMD /usr/sbin/apachectl -D FOREGROUND
 ---> Running in 975c60c850f6
 ---> 9f72d0f8805c
Removing intermediate container 975c60c850f6
Successfully built 9f72d0f8805c
